Loading data
IN CAD TASKS
IN CAD TASKS
IN CAD TASKS
CLASS CAD
classes nb: 44 number of train models:  20 number of test sketch:  20 number of test shape:  20
Running on 0
{'run_mode': 'train', 'gpu': 0, 'epochs': 150, 'batch_size': 20, 'resume': 0, 'config_file': './shrec22_config/config_pc_cad_01.yaml', 'task': 'cad', 'sketch_head': 'config_trans.yaml', 'nb_points': 2048, 'save_all': 1, 'exp_set': 'cad_pc', 'exp_id': '01', 'renderings_dir': 'results/cad_pc/01/renderings', 'results_dir': 'results/cad_pc/01', 'logs_dir': 'results/cad_pc/01/logs', 'cameras_dir': 'results/cad_pc/01/cameras', 'features_type': 'logits', 'learning_rate': 0.001, 'weight_decay': 0.01, 'momentum': 0.9, 'lr_decay_freq': 80, 'lr_decay': 0.1, 'print_freq': 50, 'pretrained': 1, 'depth': 18, 'log_metrics': 1, 'features_size': 40, 'verts_dir': 'results/cad_pc/01/verts', 'checkpoint_dir': 'results/cad_pc/01/checkpoint', 'features_dir': 'results/cad_pc/01/features', 'feature_file': 'results/cad_pc/01/features/features_training.npy', 'targets_file': 'results/cad_pc/01/features/targets_training.npy', 'best_acc': 0.0, 'best_loss': 0.0, 'start_epoch': 0, 'results_file': 'results/cad_pc/01/01_accuracy.csv', 'views_file': 'results/cad_pc/01/01_views.csv', 'weights_file': 'results/cad_pc/01/checkpoint/01_checkpoint.pt'}

-----------------------------------
Epoch: [1/150]
Time taken: 6.54 sec.

Evaluation:

train acc: 7.50 - train Loss: 45.5257
	train acc 3D pos: 15.00 - train acc 3D neg: 0.00 - train acc 2D: 10.00

Current best train acc: 0.00
	Saving checkpoint - Acc: 7.50

-----------------------------------
Epoch: [2/150]
Time taken: 3.88 sec.

Evaluation:

train acc: 25.50 - train Loss: 45.2277
	train acc 3D pos: 5.00 - train acc 3D neg: 10.00 - train acc 2D: 70.00

Current best train acc: 7.50
	Saving checkpoint - Acc: 25.50

-----------------------------------
Epoch: [3/150]
Time taken: 3.80 sec.

Evaluation:

train acc: 18.00 - train Loss: 36.5064
	train acc 3D pos: 25.00 - train acc 3D neg: 5.00 - train acc 2D: 30.00

Current best train acc: 25.50

-----------------------------------
Epoch: [4/150]
Time taken: 3.80 sec.

Evaluation:

train acc: 18.00 - train Loss: 44.3108
	train acc 3D pos: 25.00 - train acc 3D neg: 5.00 - train acc 2D: 30.00

Current best train acc: 25.50

-----------------------------------
Epoch: [5/150]
Time taken: 3.81 sec.

Evaluation:

train acc: 31.50 - train Loss: 16.1726
	train acc 3D pos: 25.00 - train acc 3D neg: 10.00 - train acc 2D: 70.00

Current best train acc: 25.50
	Saving checkpoint - Acc: 31.50

-----------------------------------
Epoch: [6/150]
Time taken: 3.84 sec.

Evaluation:

train acc: 42.00 - train Loss: 16.6915
	train acc 3D pos: 65.00 - train acc 3D neg: 5.00 - train acc 2D: 70.00

Current best train acc: 31.50
	Saving checkpoint - Acc: 42.00

-----------------------------------
Epoch: [7/150]
Time taken: 3.80 sec.

Evaluation:

train acc: 46.50 - train Loss: 14.1069
	train acc 3D pos: 75.00 - train acc 3D neg: 10.00 - train acc 2D: 70.00

Current best train acc: 42.00
	Saving checkpoint - Acc: 46.50

-----------------------------------
Epoch: [8/150]
Time taken: 3.80 sec.

Evaluation:

train acc: 46.50 - train Loss: 13.3419
	train acc 3D pos: 75.00 - train acc 3D neg: 10.00 - train acc 2D: 70.00

Current best train acc: 46.50
	Saving checkpoint - Acc: 46.50

-----------------------------------
Epoch: [9/150]
Time taken: 3.85 sec.

Evaluation:

train acc: 46.50 - train Loss: 13.4619
	train acc 3D pos: 75.00 - train acc 3D neg: 10.00 - train acc 2D: 70.00

Current best train acc: 46.50
	Saving checkpoint - Acc: 46.50

-----------------------------------
Epoch: [10/150]
Time taken: 3.83 sec.

Evaluation:

train acc: 49.50 - train Loss: 12.5889
	train acc 3D pos: 85.00 - train acc 3D neg: 10.00 - train acc 2D: 70.00

Current best train acc: 46.50
	Saving checkpoint - Acc: 49.50

-----------------------------------
Epoch: [11/150]
Time taken: 3.81 sec.

Evaluation:

train acc: 49.50 - train Loss: 13.3353
	train acc 3D pos: 85.00 - train acc 3D neg: 10.00 - train acc 2D: 70.00

Current best train acc: 49.50
	Saving checkpoint - Acc: 49.50

-----------------------------------
Epoch: [12/150]
Time taken: 3.80 sec.

Evaluation:

train acc: 48.00 - train Loss: 11.9891
	train acc 3D pos: 80.00 - train acc 3D neg: 10.00 - train acc 2D: 70.00

Current best train acc: 49.50

-----------------------------------
Epoch: [13/150]
Time taken: 3.83 sec.

Evaluation:

train acc: 49.50 - train Loss: 12.2757
	train acc 3D pos: 95.00 - train acc 3D neg: 0.00 - train acc 2D: 70.00

Current best train acc: 49.50
	Saving checkpoint - Acc: 49.50

-----------------------------------
Epoch: [14/150]
Time taken: 3.83 sec.

Evaluation:

train acc: 51.00 - train Loss: 12.0380
	train acc 3D pos: 95.00 - train acc 3D neg: 5.00 - train acc 2D: 70.00

Current best train acc: 49.50
	Saving checkpoint - Acc: 51.00

-----------------------------------
Epoch: [15/150]
Time taken: 3.78 sec.

Evaluation:

train acc: 54.00 - train Loss: 12.2121
	train acc 3D pos: 90.00 - train acc 3D neg: 20.00 - train acc 2D: 70.00

Current best train acc: 51.00
	Saving checkpoint - Acc: 54.00

-----------------------------------
Epoch: [16/150]
Time taken: 3.82 sec.

Evaluation:

train acc: 49.50 - train Loss: 12.5125
	train acc 3D pos: 90.00 - train acc 3D neg: 10.00 - train acc 2D: 65.00

Current best train acc: 54.00

-----------------------------------
Epoch: [17/150]
Time taken: 3.85 sec.

Evaluation:

train acc: 49.50 - train Loss: 11.5810
	train acc 3D pos: 90.00 - train acc 3D neg: 5.00 - train acc 2D: 70.00

Current best train acc: 54.00

-----------------------------------
Epoch: [18/150]
Time taken: 3.82 sec.

Evaluation:

train acc: 51.00 - train Loss: 12.4246
	train acc 3D pos: 90.00 - train acc 3D neg: 10.00 - train acc 2D: 70.00

Current best train acc: 54.00

-----------------------------------
Epoch: [19/150]
Time taken: 3.82 sec.

Evaluation:

train acc: 54.00 - train Loss: 11.9717
	train acc 3D pos: 100.00 - train acc 3D neg: 10.00 - train acc 2D: 70.00

Current best train acc: 54.00
	Saving checkpoint - Acc: 54.00

-----------------------------------
Epoch: [20/150]
Time taken: 3.82 sec.

Evaluation:

train acc: 51.00 - train Loss: 11.6426
	train acc 3D pos: 95.00 - train acc 3D neg: 5.00 - train acc 2D: 70.00

Current best train acc: 54.00

-----------------------------------
Epoch: [21/150]
Time taken: 3.71 sec.

Evaluation:

train acc: 55.50 - train Loss: 11.9906
	train acc 3D pos: 95.00 - train acc 3D neg: 20.00 - train acc 2D: 70.00

Current best train acc: 54.00
	Saving checkpoint - Acc: 55.50

-----------------------------------
Epoch: [22/150]
Time taken: 3.49 sec.

Evaluation:

train acc: 45.00 - train Loss: 12.1376
	train acc 3D pos: 85.00 - train acc 3D neg: 0.00 - train acc 2D: 65.00

Current best train acc: 55.50

-----------------------------------
Epoch: [23/150]
Time taken: 3.50 sec.

Evaluation:

train acc: 55.50 - train Loss: 11.2229
	train acc 3D pos: 95.00 - train acc 3D neg: 20.00 - train acc 2D: 70.00

Current best train acc: 55.50
	Saving checkpoint - Acc: 55.50

-----------------------------------
Epoch: [24/150]
Time taken: 3.58 sec.

Evaluation:

train acc: 52.50 - train Loss: 11.6803
	train acc 3D pos: 100.00 - train acc 3D neg: 5.00 - train acc 2D: 70.00

Current best train acc: 55.50

-----------------------------------
Epoch: [25/150]
Time taken: 3.61 sec.

Evaluation:

train acc: 55.50 - train Loss: 11.2257
	train acc 3D pos: 95.00 - train acc 3D neg: 20.00 - train acc 2D: 70.00

Current best train acc: 55.50
	Saving checkpoint - Acc: 55.50

-----------------------------------
Epoch: [26/150]
Time taken: 3.52 sec.

Evaluation:

train acc: 57.00 - train Loss: 10.5508
	train acc 3D pos: 95.00 - train acc 3D neg: 25.00 - train acc 2D: 70.00

Current best train acc: 55.50
	Saving checkpoint - Acc: 57.00

-----------------------------------
Epoch: [27/150]
Time taken: 3.58 sec.

Evaluation:

train acc: 52.50 - train Loss: 12.1270
	train acc 3D pos: 95.00 - train acc 3D neg: 10.00 - train acc 2D: 70.00

Current best train acc: 57.00

-----------------------------------
Epoch: [28/150]
Time taken: 3.60 sec.

Evaluation:

train acc: 52.50 - train Loss: 10.7934
	train acc 3D pos: 95.00 - train acc 3D neg: 10.00 - train acc 2D: 70.00

Current best train acc: 57.00

-----------------------------------
Epoch: [29/150]
Time taken: 3.68 sec.

Evaluation:

train acc: 54.00 - train Loss: 11.5406
	train acc 3D pos: 100.00 - train acc 3D neg: 10.00 - train acc 2D: 70.00

Current best train acc: 57.00

-----------------------------------
Epoch: [30/150]
Time taken: 3.52 sec.

Evaluation:

train acc: 52.50 - train Loss: 11.9292
	train acc 3D pos: 95.00 - train acc 3D neg: 10.00 - train acc 2D: 70.00

Current best train acc: 57.00

-----------------------------------
Epoch: [31/150]
Time taken: 3.51 sec.

Evaluation:

train acc: 55.50 - train Loss: 10.8422
	train acc 3D pos: 100.00 - train acc 3D neg: 15.00 - train acc 2D: 70.00

Current best train acc: 57.00

-----------------------------------
Epoch: [32/150]
slurmstepd: error: *** JOB 21852018 ON gv012 CANCELLED AT 2022-07-04T14:32:44 ***
